C:\Program Files\Microsoft Visual Studio\2022\Community\MSBuild\Microsoft\VC\v170\Microsoft.CppBuild.targets(500,5): warning MSB8004: Output Directory does not end with a trailing slash.  This build instance will add the slash as it is required to allow proper evaluation of the Output Directory.
  VolumetricLighting.cpp
D:\Uczelnia\semestr7\Praca dyplomowa\Projekt\VolumetricLighting\include\ak\core-types.h(59,1): warning C4200: nonstandard extension used: zero-sized array in struct/union
D:\Uczelnia\semestr7\Praca dyplomowa\Projekt\VolumetricLighting\include\ak\core-types.h(59,1): message : This member will be ignored by a defaulted constructor or copy/move assignment operator
D:\Uczelnia\semestr7\Praca dyplomowa\Projekt\VolumetricLighting\include\ak\core-types.h(60,1): warning C4200: nonstandard extension used: zero-sized array in struct/union
D:\Uczelnia\semestr7\Praca dyplomowa\Projekt\VolumetricLighting\include\ak\core-types.h(60,1): message : This member will be ignored by a defaulted constructor or copy/move assignment operator
D:\Uczelnia\semestr7\Praca dyplomowa\Projekt\VolumetricLighting\include\ak\core-types.h(61,1): warning C4200: nonstandard extension used: zero-sized array in struct/union
D:\Uczelnia\semestr7\Praca dyplomowa\Projekt\VolumetricLighting\include\ak\core-types.h(61,1): message : This member will be ignored by a defaulted constructor or copy/move assignment operator
D:\Uczelnia\semestr7\Praca dyplomowa\Projekt\VolumetricLighting\include\ak\core-types.h(62,1): warning C4200: nonstandard extension used: zero-sized array in struct/union
D:\Uczelnia\semestr7\Praca dyplomowa\Projekt\VolumetricLighting\include\ak\core-types.h(62,1): message : This member will be ignored by a defaulted constructor or copy/move assignment operator
D:\Uczelnia\semestr7\Praca dyplomowa\Projekt\VolumetricLighting\include\ak\core-types.h(63,1): warning C4200: nonstandard extension used: zero-sized array in struct/union
D:\Uczelnia\semestr7\Praca dyplomowa\Projekt\VolumetricLighting\include\ak\core-types.h(63,1): message : This member will be ignored by a defaulted constructor or copy/move assignment operator
D:\Uczelnia\semestr7\Praca dyplomowa\Projekt\VolumetricLighting\include\ak\core-types.h(64,1): warning C4200: nonstandard extension used: zero-sized array in struct/union
D:\Uczelnia\semestr7\Praca dyplomowa\Projekt\VolumetricLighting\include\ak\core-types.h(64,1): message : This member will be ignored by a defaulted constructor or copy/move assignment operator
D:\Uczelnia\semestr7\Praca dyplomowa\Projekt\VolumetricLighting\include\ak\memory.h(34,10): warning C4200: nonstandard extension used: zero-sized array in struct/union
D:\Uczelnia\semestr7\Praca dyplomowa\Projekt\VolumetricLighting\include\ak\memory.h(34,10): message : This member will be ignored by a defaulted constructor or copy/move assignment operator
D:\Uczelnia\semestr7\Praca dyplomowa\Projekt\VolumetricLighting\VolumetricLighting.cpp(74,32): warning C4244: '+=': conversion from 'double' to 'int', possible loss of data
D:\Uczelnia\semestr7\Praca dyplomowa\Projekt\VolumetricLighting\VolumetricLighting.cpp(85,28): warning C4244: '+=': conversion from 'double' to 'int', possible loss of data
D:\Uczelnia\semestr7\Praca dyplomowa\Projekt\VolumetricLighting\VolumetricLighting.cpp(86,28): warning C4244: '+=': conversion from 'double' to 'int', possible loss of data
D:\Uczelnia\semestr7\Praca dyplomowa\Projekt\VolumetricLighting\VolumetricLighting.cpp(448,65): warning C4267: '=': conversion from 'size_t' to 'unsigned int', possible loss of data
D:\Uczelnia\semestr7\Praca dyplomowa\Projekt\VolumetricLighting\VolumetricLighting.cpp(454,71): warning C4267: 'initializing': conversion from 'size_t' to 'int', possible loss of data
D:\Uczelnia\semestr7\Praca dyplomowa\Projekt\VolumetricLighting\VolumetricLighting.cpp(457,71): warning C4267: 'initializing': conversion from 'size_t' to 'int', possible loss of data
D:\Uczelnia\semestr7\Praca dyplomowa\Projekt\VolumetricLighting\VolumetricLighting.cpp(582,17): warning C4244: '=': conversion from 'double' to 'float', possible loss of data
D:\Uczelnia\semestr7\Praca dyplomowa\Projekt\VolumetricLighting\VolumetricLighting.cpp(583,40): warning C4244: '=': conversion from 'double' to 'float', possible loss of data
D:\Uczelnia\semestr7\Praca dyplomowa\Projekt\VolumetricLighting\VolumetricLighting.cpp(584,38): warning C4244: '=': conversion from 'double' to 'float', possible loss of data
D:\Uczelnia\semestr7\Praca dyplomowa\Projekt\VolumetricLighting\VolumetricLighting.cpp(590,21): warning C4244: 'initializing': conversion from 'double' to 'float', possible loss of data
D:\Uczelnia\semestr7\Praca dyplomowa\Projekt\VolumetricLighting\VolumetricLighting.cpp(182,40): warning C4101: 'vcol_location': unreferenced local variable
D:\Uczelnia\semestr7\Praca dyplomowa\Projekt\VolumetricLighting\VolumetricLighting.cpp(383,25): warning C4101: 'geometry': unreferenced local variable
  Generating code
  1 of 2003 functions (<0.1%) were compiled, the rest were copied from previous compilation.
    0 functions were new in current compilation
    32 functions had inline decision re-evaluated but remain unchanged
  Finished generating code
  VolumetricLighting.vcxproj -> D:\Uczelnia\semestr7\Praca dyplomowa\Projekt\VolumetricLighting\bin\VolumetricLighting.exe
