d:\uczelnia\semestr7\praca dyplomowa\projekt\volumetriclighting\x64\release\vc143.pdb
d:\uczelnia\semestr7\praca dyplomowa\projekt\volumetriclighting\x64\release\volumetriclighting.obj
d:\uczelnia\semestr7\praca dyplomowa\projekt\volumetriclighting\x64\release\imgui_widgets.obj
d:\uczelnia\semestr7\praca dyplomowa\projekt\volumetriclighting\x64\release\imgui_tables.obj
d:\uczelnia\semestr7\praca dyplomowa\projekt\volumetriclighting\x64\release\imgui_draw.obj
d:\uczelnia\semestr7\praca dyplomowa\projekt\volumetriclighting\x64\release\imgui_demo.obj
d:\uczelnia\semestr7\praca dyplomowa\projekt\volumetriclighting\x64\release\imgui.obj
d:\uczelnia\semestr7\praca dyplomowa\projekt\volumetriclighting\x64\release\imgui_impl_opengl3.obj
d:\uczelnia\semestr7\praca dyplomowa\projekt\volumetriclighting\x64\release\imgui_impl_glfw.obj
d:\uczelnia\semestr7\praca dyplomowa\projekt\volumetriclighting\x64\release\gui.obj
d:\uczelnia\semestr7\praca dyplomowa\projekt\volumetriclighting\x64\release\draw.obj
d:\uczelnia\semestr7\praca dyplomowa\projekt\volumetriclighting\x64\release\debug.obj
d:\uczelnia\semestr7\praca dyplomowa\projekt\volumetriclighting\bin\volumetriclighting.exe
d:\uczelnia\semestr7\praca dyplomowa\projekt\volumetriclighting\x64\release\volumetriclighting.ipdb
d:\uczelnia\semestr7\praca dyplomowa\projekt\volumetriclighting\bin\volumetriclighting.pdb
d:\uczelnia\semestr7\praca dyplomowa\projekt\volumetriclighting\x64\release\volumetriclighting.iobj
d:\uczelnia\semestr7\praca dyplomowa\projekt\volumetriclighting\\bin\volumetriclighting.pdb
d:\uczelnia\semestr7\praca dyplomowa\projekt\volumetriclighting\x64\release\volumetr.9253f1f0.tlog\cl.command.1.tlog
d:\uczelnia\semestr7\praca dyplomowa\projekt\volumetriclighting\x64\release\volumetr.9253f1f0.tlog\cl.read.1.tlog
d:\uczelnia\semestr7\praca dyplomowa\projekt\volumetriclighting\x64\release\volumetr.9253f1f0.tlog\cl.write.1.tlog
d:\uczelnia\semestr7\praca dyplomowa\projekt\volumetriclighting\x64\release\volumetr.9253f1f0.tlog\link.command.1.tlog
d:\uczelnia\semestr7\praca dyplomowa\projekt\volumetriclighting\x64\release\volumetr.9253f1f0.tlog\link.read.1.tlog
d:\uczelnia\semestr7\praca dyplomowa\projekt\volumetriclighting\x64\release\volumetr.9253f1f0.tlog\link.write.1.tlog
